<?xml version="1.0" encoding="UTF-8"?>
<!-- Generated by org.testng.reporters.JUnitReportReporter -->
<testsuite hostname="pallavi-testing" name="com.test.LoginTest" tests="3" failures="0" timestamp="20 Aug 2019 01:32:33 GMT" time="22.040" errors="0">
  <testcase name="f3" time="0.003" classname="com.test.LoginTest"/>
  <testcase name="f4" time="5.204" classname="com.test.LoginTest"/>
  <testcase name="f2" time="16.833" classname="com.test.LoginTest"/>
</testsuite> <!-- com.test.LoginTest -->
